{"ts":"2026-05-07T00:40:06.877400200+00:00","connection_id":"server","key":"system","decision":"n/a","detail":"Pansophical v0.1.0 starting, transport=stdio","event":"startup"}
{"ts":"2026-05-07T00:40:06.878499200+00:00","connection_id":"server","key":"system","decision":"n/a","detail":"stdio transport started, connection_id=bb0cac22-9650-4fa9-aa75-a30c8667bc03","event":"transport_start"}
{"ts":"2026-05-07T00:40:06.878923800+00:00","connection_id":"bb0cac22-9650-4fa9-aa75-a30c8667bc03","key":"ci","decision":"granted","detail":"session initialized","event":"initialize"}
{"ts":"2026-05-07T00:40:06.881695300+00:00","connection_id":"bb0cac22-9650-4fa9-aa75-a30c8667bc03","key":"ci","tool":"read_file","decision":"denied","detail":"denied"}
{"ts":"2026-05-07T00:40:06.883581800+00:00","connection_id":"bb0cac22-9650-4fa9-aa75-a30c8667bc03","key":"ci","tool":"list_dir","decision":"denied","detail":"denied"}
{"ts":"2026-05-07T00:40:06.883730800+00:00","connection_id":"server","key":"system","decision":"n/a","detail":"stdin closed, connection_id=bb0cac22-9650-4fa9-aa75-a30c8667bc03","event":"transport_close"}
{"ts":"2026-05-07T00:40:19.664004900+00:00","connection_id":"server","key":"system","decision":"n/a","detail":"Pansophical v0.1.0 starting, transport=stdio","event":"startup"}
{"ts":"2026-05-07T00:40:19.665029700+00:00","connection_id":"server","key":"system","decision":"n/a","detail":"stdio transport started, connection_id=903551ca-478c-411f-880b-8e9c032e3eba","event":"transport_start"}
{"ts":"2026-05-07T00:40:19.665347800+00:00","connection_id":"903551ca-478c-411f-880b-8e9c032e3eba","key":"ci","decision":"granted","detail":"session initialized","event":"initialize"}
{"ts":"2026-05-07T00:40:19.667704200+00:00","connection_id":"903551ca-478c-411f-880b-8e9c032e3eba","key":"ci","tool":"read_file","decision":"denied","detail":"{\"requested\":[{\"target_type\":\"filesystem\",\"resource\":\"\\\\\\\\?\\\\e:\\\\pansophical\\\\cargo.toml\",\"perm\":\"r\"},{\"target_type\":\"tool\",\"resource\":\"read_file\",\"perm\":\"\"}],\"granted\":[{\"target_type\":\"tool\",\"resource\":\"read_file\",\"perm\":\"\"}],\"denied\":[{\"target_type\":\"filesystem\",\"resource\":\"\\\\\\\\?\\\\e:\\\\pansophical\\\\cargo.toml\",\"perm\":\"r\",\"reason\":\"no matching grant for filesystem '\\\\\\\\?\\\\e:\\\\pansophical\\\\cargo.toml' with perm r\"}]}"}
{"ts":"2026-05-07T00:40:19.667912100+00:00","connection_id":"server","key":"system","decision":"n/a","detail":"stdin closed, connection_id=903551ca-478c-411f-880b-8e9c032e3eba","event":"transport_close"}
{"ts":"2026-05-07T00:40:50.400724600+00:00","connection_id":"server","key":"system","decision":"n/a","detail":"Pansophical v0.1.0 starting, transport=stdio","event":"startup"}
{"ts":"2026-05-07T00:40:50.401916300+00:00","connection_id":"server","key":"system","decision":"n/a","detail":"stdio transport started, connection_id=5cbd6c69-38d4-48e8-a8a1-40209befa8ae","event":"transport_start"}
{"ts":"2026-05-07T00:40:50.402323700+00:00","connection_id":"5cbd6c69-38d4-48e8-a8a1-40209befa8ae","key":"ci","decision":"granted","detail":"session initialized","event":"initialize"}
{"ts":"2026-05-07T00:40:50.405114+00:00","connection_id":"5cbd6c69-38d4-48e8-a8a1-40209befa8ae","key":"ci","tool":"read_file","access_requests":[{"perm":"r","resource":"e:\\pansophical\\cargo.toml","target_type":"filesystem"},{"perm":"","resource":"read_file","target_type":"tool"}],"decision":"granted"}
{"ts":"2026-05-07T00:40:50.420330300+00:00","connection_id":"5cbd6c69-38d4-48e8-a8a1-40209befa8ae","key":"ci","tool":"read_file","decision":"granted","outcome":"success"}
{"ts":"2026-05-07T00:40:50.422547400+00:00","connection_id":"5cbd6c69-38d4-48e8-a8a1-40209befa8ae","key":"ci","tool":"list_dir","access_requests":[{"perm":"r","resource":"e:\\pansophical\\src","target_type":"filesystem"},{"perm":"","resource":"list_dir","target_type":"tool"}],"decision":"granted"}
{"ts":"2026-05-07T00:40:50.422668600+00:00","connection_id":"5cbd6c69-38d4-48e8-a8a1-40209befa8ae","key":"ci","tool":"list_dir","decision":"granted","outcome":"success"}
{"ts":"2026-05-07T00:40:50.422867900+00:00","connection_id":"server","key":"system","decision":"n/a","detail":"stdin closed, connection_id=5cbd6c69-38d4-48e8-a8a1-40209befa8ae","event":"transport_close"}
{"ts":"2026-05-07T00:41:04.397323300+00:00","connection_id":"server","key":"system","decision":"n/a","detail":"Pansophical v0.1.0 starting, transport=stdio","event":"startup"}
{"ts":"2026-05-07T00:41:04.398365200+00:00","connection_id":"server","key":"system","decision":"n/a","detail":"stdio transport started, connection_id=e8aa70d2-f880-45bc-b1ee-1ec5e0d04b8b","event":"transport_start"}
{"ts":"2026-05-07T00:41:04.398591400+00:00","connection_id":"e8aa70d2-f880-45bc-b1ee-1ec5e0d04b8b","key":"ci","decision":"granted","detail":"session initialized","event":"initialize"}
{"ts":"2026-05-07T00:41:04.401097600+00:00","connection_id":"e8aa70d2-f880-45bc-b1ee-1ec5e0d04b8b","key":"ci","tool":"read_file","decision":"denied","detail":"denied"}
{"ts":"2026-05-07T00:41:04.401255200+00:00","connection_id":"server","key":"system","decision":"n/a","detail":"stdin closed, connection_id=e8aa70d2-f880-45bc-b1ee-1ec5e0d04b8b","event":"transport_close"}
