=== AppContainer spawn ===
SID: S-1-15-2-1841769616-711509278-458842147-1233514005-3928609183-1642045366-539033184
write_paths: ["C:\\Users\\jorda\\AppData\\Local\\Temp\\pansophical_ac_37324\\write"]
read_paths: []
exec_paths: []
WRITE raw="C:\\Users\\jorda\\AppData\\Local\\Temp\\pansophical_ac_37324\\write" cleaned="C:\\Users\\jorda\\AppData\\Local\\Temp\\pansophical_ac_37324\\write" exists=true
  icacls "C:\Users\jorda\AppData\Local\Temp\pansophical_ac_37324\write" /grant "*S-1-15-2-1841769616-711509278-458842147-1233514005-3928609183-1642045366-539033184:(OI)(CI)(F)" /T
  icacls exit=exit code: 0 stdout="processed file: C:\\Users\\jorda\\AppData\\Local\\Temp\\pansophical_ac_37324\\write\r\nSuccessfully processed 1 files; Failed processing 0 files" stderr=""
  -> GRANTED write on C:\Users\jorda\AppData\Local\Temp\pansophical_ac_37324\write
CMD: cmd /C "copy nul %WRITE_DIR%\test.txt"
---
=== AppContainer spawn ===
SID: S-1-15-2-3834925957-422482158-3600917324-1829041439-2072498103-1669677005-1749505929
write_paths: ["C:\\Users\\jorda\\AppData\\Local\\Temp\\pansophical_ac_37324\\write"]
read_paths: []
exec_paths: []
WRITE raw="C:\\Users\\jorda\\AppData\\Local\\Temp\\pansophical_ac_37324\\write" cleaned="C:\\Users\\jorda\\AppData\\Local\\Temp\\pansophical_ac_37324\\write" exists=true
  icacls "C:\Users\jorda\AppData\Local\Temp\pansophical_ac_37324\write" /grant "*S-1-15-2-3834925957-422482158-3600917324-1829041439-2072498103-1669677005-1749505929:(OI)(CI)(F)" /T
  icacls exit=exit code: 0 stdout="processed file: C:\\Users\\jorda\\AppData\\Local\\Temp\\pansophical_ac_37324\\write\r\nprocessed file: C:\\Users\\jorda\\AppData\\Local\\Temp\\pansophical_ac_37324\\write\\test.txt\r\nSuccessfully processed 2 files; Failed processing 0 files" stderr=""
  -> GRANTED write on C:\Users\jorda\AppData\Local\Temp\pansophical_ac_37324\write
CMD: cmd /C "copy nul %NOWRITE_DIR%\test.txt"
---
  icacls "C:\Users\jorda\AppData\Local\Temp\pansophical_ac_41112\write" /grant "*S-1-15-2-3325783522-3127070241-4157446894-3937307804-2718101685-909495060-1833021501:(OI)(CI)(F)" /T
  icacls exit=exit code: 0 stdout="processed file: C:\\Users\\jorda\\AppData\\Local\\Temp\\pansophical_ac_41112\\write\r\nSuccessfully processed 1 files; Failed processing 0 files" stderr=""
  icacls "C:\Users\jorda\AppData\Local\Temp\pansophical_ac_41112\write" /grant "*S-1-15-2-3260520538-2971349463-2633900240-2947067253-1873435686-525787982-1253852105:(OI)(CI)(F)" /T
  icacls exit=exit code: 0 stdout="processed file: C:\\Users\\jorda\\AppData\\Local\\Temp\\pansophical_ac_41112\\write\r\nprocessed file: C:\\Users\\jorda\\AppData\\Local\\Temp\\pansophical_ac_41112\\write\\test.txt\r\nSuccessfully processed 2 files; Failed processing 0 files" stderr=""
  icacls "C:\Users\jorda\AppData\Local\Temp\pansophical_ac_39148\write" /grant "*S-1-15-2-2659732520-2072730518-1619481876-3526978438-420949416-276409650-3184823442:(OI)(CI)(F)" /T
  icacls exit=exit code: 0 stdout="processed file: C:\\Users\\jorda\\AppData\\Local\\Temp\\pansophical_ac_39148\\write\r\nSuccessfully processed 1 files; Failed processing 0 files" stderr=""
  icacls "C:\Users\jorda\AppData\Local\Temp\pansophical_ac_39148\write" /grant "*S-1-15-2-813274827-1814216108-2493433678-659062087-343835857-1175495687-255611006:(OI)(CI)(F)" /T
  icacls exit=exit code: 0 stdout="processed file: C:\\Users\\jorda\\AppData\\Local\\Temp\\pansophical_ac_39148\\write\r\nprocessed file: C:\\Users\\jorda\\AppData\\Local\\Temp\\pansophical_ac_39148\\write\\test.txt\r\nSuccessfully processed 2 files; Failed processing 0 files" stderr=""
  icacls "C:\Users\jorda\AppData\Local\Temp\pansophical_ac_42404\write" /grant "*S-1-15-2-2496669014-23692303-3452843016-3287413011-3447770428-1964465288-2786131266:(OI)(CI)(F)" /T
  icacls exit=exit code: 0 stdout="processed file: C:\\Users\\jorda\\AppData\\Local\\Temp\\pansophical_ac_42404\\write\r\nSuccessfully processed 1 files; Failed processing 0 files" stderr=""
  icacls "C:\Users\jorda\AppData\Local\Temp\pansophical_ac_42404\write" /grant "*S-1-15-2-2472055616-2382643362-3861734862-3354420671-2479148767-1468173818-2882062895:(OI)(CI)(F)" /T
  icacls exit=exit code: 0 stdout="processed file: C:\\Users\\jorda\\AppData\\Local\\Temp\\pansophical_ac_42404\\write\r\nprocessed file: C:\\Users\\jorda\\AppData\\Local\\Temp\\pansophical_ac_42404\\write\\test.txt\r\nSuccessfully processed 2 files; Failed processing 0 files" stderr=""
